<?xml version="1.0" encoding="UTF-8"?>
<Site BuildName="Linux-g++"
	BuildStamp="20240905-1221-Experimental"
	Name="DESKTOP-RP3J70O"
	Generator="ctest-3.22.1"
	CompilerName="/usr/bin/g++"
	CompilerVersion="11.3.0"
	OSName="Linux"
	Hostname="DESKTOP-RP3J70O"
	OSRelease="5.15.153.1-microsoft-standard-WSL2"
	OSVersion="#1 SMP Fri Mar 29 23:14:13 UTC 2024"
	OSPlatform="x86_64"
	Is64Bits="1"
	VendorString="AuthenticAMD"
	VendorID="Advanced Micro Devices"
	FamilyID="25"
	ModelID="33"
	ProcessorCacheSize="512"
	NumberOfLogicalCPU="16"
	NumberOfPhysicalCPU="8"
	TotalVirtualMemory="2048"
	TotalPhysicalMemory="7904"
	LogicalProcessorsPerPhysical="2"
	ProcessorClockFrequency="3400"
	>
	<Testing>
		<StartDateTime>Sep 05 23:44 CEST</StartDateTime>
		<StartTestTime>1725572690</StartTestTime>
		<TestList/>
		<EndDateTime>Sep 05 23:44 CEST</EndDateTime>
		<EndTestTime>1725572690</EndTestTime>
		<ElapsedMinutes>0</ElapsedMinutes>
	</Testing>
</Site>
